<?xml version="1.0" encoding="UTF-8"?>
<testsuite xmlns:xsi="http://www.w3.org/2001/XMLSchema-instance" xsi:noNamespaceSchemaLocation="https://maven.apache.org/surefire/maven-surefire-plugin/xsd/surefire-test-report.xsd" version="3.0.2" name="com.luv2code.demo.DemoApplicationTests" time="0.954" tests="1" errors="0" skipped="0" failures="0">
  <properties>
[...]
</properties>
  <testcase name="contextLoads" classname="com.luv2code.demo.DemoApplicationTests" time="0.327">
    <system-out><![CDATA[15:26:36.321 [main] INFO org.springframework.test.context.support.AnnotationConfigContextLoaderUtils -- Could not detect default configuration classes for test class [com.luv2code.demo.DemoApplicationTests]: DemoApplicationTests does not declare any static, non-private, non-final, nested classes annotated with @Configuration.
15:26:36.359 [main] INFO org.springframework.boot.test.context.SpringBootTestContextBootstrapper -- Found @SpringBootConfiguration com.luv2code.demo.DemoApplication for test class com.luv2code.demo.DemoApplicationTests

  .   ____          _            __ _ _
 /\\ / ___'_ __ _ _(_)_ __  __ _ \ \ \ \
( ( )\___ | '_ | '_| | '_ \/ _` | \ \ \ \
 \\/  ___)| |_)| | | | | || (_| |  ) ) ) )
  '  |____| .__|_| |_|_| |_\__, | / / / /
 =========|_|==============|___/=/_/_/_/

 :: Spring Boot ::                (v4.0.0)

2025-12-01T15:26:36.498+08:00  INFO 66987 --- [demo] [           main] com.luv2code.demo.DemoApplicationTests   : Starting DemoApplicationTests using Java 17.0.16 with PID 66987 (started by tituslim in /Users/tituslim/Documents/Personal Learning Folder/Back-end/SpringBoot-Masterclass/3_Spring_CRUD)
2025-12-01T15:26:36.499+08:00  INFO 66987 --- [demo] [           main] com.luv2code.demo.DemoApplicationTests   : No active profile set, falling back to 1 default profile: "default"
2025-12-01T15:26:36.877+08:00  INFO 66987 --- [demo] [           main] com.luv2code.demo.DemoApplicationTests   : Started DemoApplicationTests in 0.47 seconds (process running for 0.868)
]]></system-out>
  </testcase>
</testsuite>